
  [4;36;1mSQL (0.2ms)[0m   [0;1mSET NAMES 'utf8'[0m
  [4;35;1mSQL (0.1ms)[0m   [0mSET SQL_AUTO_IS_NULL=0[0m


Processing PostsController#index (for 127.0.0.1 at 2009-07-15 22:27:46) [GET]
  Parameters: {"action"=>"index", "controller"=>"posts"}
  [4;36;1mPost Load (1.3ms)[0m   [0;1mSELECT * FROM `posts` [0m

ArgumentError (syntax error on line 157, col 20: `              login: "identifiant"'):
  /System/Library/Frameworks/Ruby.framework/Versions/1.8/usr/lib/ruby/1.8/yaml.rb:133:in `load'
  /System/Library/Frameworks/Ruby.framework/Versions/1.8/usr/lib/ruby/1.8/yaml.rb:133:in `load'
  app/controllers/posts_controller.rb:9:in `index'

Rendered rescues/_trace (69.9ms)
Rendered rescues/_request_and_response (1.5ms)
Rendering rescues/layout (internal_server_error)
  [4;35;1mSQL (0.1ms)[0m   [0mSET NAMES 'utf8'[0m
  [4;36;1mSQL (0.1ms)[0m   [0;1mSET SQL_AUTO_IS_NULL=0[0m


Processing PostsController#index (for 127.0.0.1 at 2009-07-15 22:28:20) [GET]
  Parameters: {"action"=>"index", "controller"=>"posts"}
  [4;35;1mPost Load (0.3ms)[0m   [0mSELECT * FROM `posts` [0m
Rendering template within layouts/application
Rendering posts/index
Completed in 16ms (View: 11, DB: 1) | 200 OK [http://0.0.0.0/]
  [4;36;1mSQL (0.2ms)[0m   [0;1mSET NAMES 'utf8'[0m
  [4;35;1mSQL (0.1ms)[0m   [0mSET SQL_AUTO_IS_NULL=0[0m


Processing PostsController#new (for 127.0.0.1 at 2009-07-15 22:28:24) [GET]
  Parameters: {"action"=>"new", "controller"=>"posts"}
  [4;36;1mUser Columns (2.7ms)[0m   [0;1mSHOW FIELDS FROM `users`[0m

NoMethodError (You have a nil object when you didn't expect it!
The error occurred while evaluating nil.admin):
  app/controllers/application_controller.rb:42:in `require_admin'

Rendered rescues/_trace (98.0ms)
Rendered rescues/_request_and_response (0.3ms)
Rendering rescues/layout (internal_server_error)
  [4;35;1mSQL (0.1ms)[0m   [0mSET NAMES 'utf8'[0m
  [4;36;1mSQL (0.1ms)[0m   [0;1mSET SQL_AUTO_IS_NULL=0[0m


Processing PostsController#index (for 127.0.0.1 at 2009-07-15 22:29:42) [GET]
  Parameters: {"action"=>"index", "controller"=>"posts"}
  [4;35;1mPost Load (0.3ms)[0m   [0mSELECT * FROM `posts` [0m
Rendering template within layouts/application
Rendering posts/index
Completed in 6ms (View: 1, DB: 1) | 200 OK [http://0.0.0.0/]
  [4;36;1mSQL (0.1ms)[0m   [0;1mSET NAMES 'utf8'[0m
  [4;35;1mSQL (0.1ms)[0m   [0mSET SQL_AUTO_IS_NULL=0[0m


Processing PostsController#new (for 127.0.0.1 at 2009-07-15 22:29:44) [GET]
  Parameters: {"action"=>"new", "controller"=>"posts"}
  [4;36;1mUser Columns (4.1ms)[0m   [0;1mSHOW FIELDS FROM `users`[0m
  [4;35;1mPost Columns (1.7ms)[0m   [0mSHOW FIELDS FROM `posts`[0m
Rendering template within layouts/application
Rendering posts/new
Completed in 28ms (View: 6, DB: 6) | 200 OK [http://0.0.0.0/posts/new]
  [4;36;1mSQL (0.1ms)[0m   [0;1mSET NAMES 'utf8'[0m
  [4;35;1mSQL (0.1ms)[0m   [0mSET SQL_AUTO_IS_NULL=0[0m


Processing PostsController#index (for 127.0.0.1 at 2009-07-15 22:30:03) [GET]
  Parameters: {"action"=>"index", "controller"=>"posts"}
  [4;36;1mPost Load (0.3ms)[0m   [0;1mSELECT * FROM `posts` [0m
Rendering template within layouts/application
Rendering posts/index
Completed in 6ms (View: 1, DB: 1) | 200 OK [http://0.0.0.0/]
  [4;35;1mSQL (0.2ms)[0m   [0mSET NAMES 'utf8'[0m
  [4;36;1mSQL (0.1ms)[0m   [0;1mSET SQL_AUTO_IS_NULL=0[0m


Processing PostsController#new (for 127.0.0.1 at 2009-07-15 22:30:05) [GET]
  Parameters: {"action"=>"new", "controller"=>"posts"}

NoMethodError (undefined method `current_user?' for #<PostsController:0x25cfde4>):
  app/controllers/application_controller.rb:42:in `require_admin'

Rendered rescues/_trace (30.1ms)
Rendered rescues/_request_and_response (0.3ms)
Rendering rescues/layout (internal_server_error)
  [4;35;1mSQL (0.2ms)[0m   [0mSET NAMES 'utf8'[0m
  [4;36;1mSQL (0.1ms)[0m   [0;1mSET SQL_AUTO_IS_NULL=0[0m


Processing PostsController#new (for 127.0.0.1 at 2009-07-15 22:30:23) [GET]
  Parameters: {"action"=>"new", "controller"=>"posts"}

NoMethodError (undefined method `loggued_in?' for #<PostsController:0x24d35f8>):
  app/controllers/application_controller.rb:42:in `require_admin'

Rendered rescues/_trace (96.3ms)
Rendered rescues/_request_and_response (0.3ms)
Rendering rescues/layout (internal_server_error)
  [4;35;1mSQL (0.2ms)[0m   [0mSET NAMES 'utf8'[0m
  [4;36;1mSQL (0.1ms)[0m   [0;1mSET SQL_AUTO_IS_NULL=0[0m


Processing PostsController#new (for 127.0.0.1 at 2009-07-15 22:32:05) [GET]
  Parameters: {"action"=>"new", "controller"=>"posts"}

NoMethodError (undefined method `logged_in?' for #<PostsController:0x271c800>):
  app/controllers/application_controller.rb:42:in `require_admin'

Rendered rescues/_trace (39.9ms)
Rendered rescues/_request_and_response (0.3ms)
Rendering rescues/layout (internal_server_error)
  [4;35;1mSQL (0.1ms)[0m   [0mSET NAMES 'utf8'[0m
  [4;36;1mSQL (0.2ms)[0m   [0;1mSET SQL_AUTO_IS_NULL=0[0m


Processing PostsController#new (for 127.0.0.1 at 2009-07-15 22:33:12) [GET]
  Parameters: {"action"=>"new", "controller"=>"posts"}
  [4;35;1mUser Columns (2.6ms)[0m   [0mSHOW FIELDS FROM `users`[0m
Redirected to http://0.0.0.0:3000/
Filter chain halted as [:require_admin] rendered_or_redirected.
Completed in 15ms (DB: 3) | 302 Found [http://0.0.0.0/posts/new]
  [4;36;1mSQL (0.1ms)[0m   [0;1mSET NAMES 'utf8'[0m
  [4;35;1mSQL (0.1ms)[0m   [0mSET SQL_AUTO_IS_NULL=0[0m


Processing PostsController#index (for 127.0.0.1 at 2009-07-15 22:33:12) [GET]
  Parameters: {"action"=>"index", "controller"=>"posts"}
  [4;36;1mPost Load (0.3ms)[0m   [0;1mSELECT * FROM `posts` [0m
Rendering template within layouts/application
Rendering posts/index
Completed in 6ms (View: 1, DB: 0) | 200 OK [http://0.0.0.0/]
  [4;35;1mSQL (0.2ms)[0m   [0mSET NAMES 'utf8'[0m
  [4;36;1mSQL (0.1ms)[0m   [0;1mSET SQL_AUTO_IS_NULL=0[0m


Processing PostsController#new (for 127.0.0.1 at 2009-07-15 22:34:46) [GET]
  Parameters: {"action"=>"new", "controller"=>"posts"}
  [4;35;1mUser Columns (3.3ms)[0m   [0mSHOW FIELDS FROM `users`[0m

NoMethodError (You have a nil object when you didn't expect it!
The error occurred while evaluating nil.admin):
  app/controllers/application_controller.rb:42:in `require_admin'

Rendered rescues/_trace (30.0ms)
Rendered rescues/_request_and_response (0.3ms)
Rendering rescues/layout (internal_server_error)
  [4;36;1mSQL (0.1ms)[0m   [0;1mSET NAMES 'utf8'[0m
  [4;35;1mSQL (0.1ms)[0m   [0mSET SQL_AUTO_IS_NULL=0[0m


Processing PostsController#new (for 127.0.0.1 at 2009-07-15 22:35:12) [GET]
  Parameters: {"action"=>"new", "controller"=>"posts"}
  [4;36;1mUser Columns (2.7ms)[0m   [0;1mSHOW FIELDS FROM `users`[0m
Redirected to http://0.0.0.0:3000/
Filter chain halted as [:require_admin] rendered_or_redirected.
Completed in 82ms (DB: 3) | 302 Found [http://0.0.0.0/posts/new]
  [4;35;1mSQL (0.1ms)[0m   [0mSET NAMES 'utf8'[0m
  [4;36;1mSQL (0.1ms)[0m   [0;1mSET SQL_AUTO_IS_NULL=0[0m


Processing PostsController#index (for 127.0.0.1 at 2009-07-15 22:35:12) [GET]
  Parameters: {"action"=>"index", "controller"=>"posts"}
  [4;35;1mPost Load (0.3ms)[0m   [0mSELECT * FROM `posts` [0m
Rendering template within layouts/application
Rendering posts/index
Completed in 6ms (View: 1, DB: 0) | 200 OK [http://0.0.0.0/]
  [4;36;1mSQL (0.2ms)[0m   [0;1mSET NAMES 'utf8'[0m
  [4;35;1mSQL (0.1ms)[0m   [0mSET SQL_AUTO_IS_NULL=0[0m


Processing PostsController#new (for 127.0.0.1 at 2009-07-15 22:35:13) [GET]
  Parameters: {"action"=>"new", "controller"=>"posts"}
  [4;36;1mUser Columns (3.2ms)[0m   [0;1mSHOW FIELDS FROM `users`[0m
Redirected to http://0.0.0.0:3000/
Filter chain halted as [:require_admin] rendered_or_redirected.
Completed in 22ms (DB: 3) | 302 Found [http://0.0.0.0/posts/new]
  [4;35;1mSQL (0.2ms)[0m   [0mSET NAMES 'utf8'[0m
  [4;36;1mSQL (0.1ms)[0m   [0;1mSET SQL_AUTO_IS_NULL=0[0m


Processing PostsController#index (for 127.0.0.1 at 2009-07-15 22:35:13) [GET]
  Parameters: {"action"=>"index", "controller"=>"posts"}
  [4;35;1mPost Load (0.3ms)[0m   [0mSELECT * FROM `posts` [0m
Rendering template within layouts/application
Rendering posts/index
Completed in 9ms (View: 2, DB: 1) | 200 OK [http://0.0.0.0/]
  [4;36;1mSQL (0.2ms)[0m   [0;1mSET NAMES 'utf8'[0m
  [4;35;1mSQL (0.1ms)[0m   [0mSET SQL_AUTO_IS_NULL=0[0m


Processing UsersController#new (for 127.0.0.1 at 2009-07-15 22:36:16) [GET]
  Parameters: {"action"=>"new", "controller"=>"users"}
Rendering template within layouts/application
Rendering users/new

ActionView::TemplateError (undefined local variable or method `account_path' for #<ActionView::Base:0x260aa98>) on line #3 of app/views/users/new.html.erb:
1: <h1>Register</h1>
2:  
3: <% form_for @user, :url => account_path do |f| %>
4:   <%= f.error_messages %>
5:   <%= render :partial => "form", :object => f %>
6:   <%= f.submit "Register" %>

    app/views/users/new.html.erb:3

Rendered rescues/_trace (36.4ms)
Rendered rescues/_request_and_response (0.3ms)
Rendering rescues/layout (internal_server_error)
  [4;36;1mSQL (0.2ms)[0m   [0;1mSET NAMES 'utf8'[0m
  [4;35;1mSQL (0.1ms)[0m   [0mSET SQL_AUTO_IS_NULL=0[0m


Processing UsersController#new (for 127.0.0.1 at 2009-07-15 22:38:30) [GET]
  Parameters: {"action"=>"new", "controller"=>"users"}
Rendering template within layouts/application
Rendering users/new

ActionView::TemplateError (Called id for nil, which would mistakenly be 4 -- if you really wanted the id of nil, use object_id) on line #3 of app/views/users/new.html.erb:
1: <h1>Register</h1>
2:  
3: <% form_for @user, :url => account_path do |f| %>
4:   <%= f.error_messages %>
5:   <%= render :partial => "form", :object => f %>
6:   <%= f.submit "Register" %>

    app/views/users/new.html.erb:3

Rendered rescues/_trace (40.0ms)
Rendered rescues/_request_and_response (1.5ms)
Rendering rescues/layout (internal_server_error)
  [4;36;1mSQL (0.2ms)[0m   [0;1mSET NAMES 'utf8'[0m
  [4;35;1mSQL (0.1ms)[0m   [0mSET SQL_AUTO_IS_NULL=0[0m


Processing UsersController#index (for 127.0.0.1 at 2009-07-15 22:38:41) [GET]
  Parameters: {"action"=>"index", "controller"=>"users"}

ActionController::UnknownAction (No action responded to index. Actions: ):
  

Rendering rescues/layout (not_found)
  [4;36;1mSQL (0.2ms)[0m   [0;1mSET NAMES 'utf8'[0m
  [4;35;1mSQL (0.1ms)[0m   [0mSET SQL_AUTO_IS_NULL=0[0m


Processing UsersController#new (for 127.0.0.1 at 2009-07-15 22:38:45) [GET]
  Parameters: {"action"=>"new", "controller"=>"users"}
Rendering template within layouts/application
Rendering users/new

ActionView::TemplateError (Called id for nil, which would mistakenly be 4 -- if you really wanted the id of nil, use object_id) on line #3 of app/views/users/new.html.erb:
1: <h1>Register</h1>
2:  
3: <% form_for @user, :url => account_path do |f| %>
4:   <%= f.error_messages %>
5:   <%= render :partial => "form", :object => f %>
6:   <%= f.submit "Register" %>

    app/views/users/new.html.erb:3

Rendered rescues/_trace (107.7ms)
Rendered rescues/_request_and_response (0.3ms)
Rendering rescues/layout (internal_server_error)
  [4;36;1mSQL (0.2ms)[0m   [0;1mSET NAMES 'utf8'[0m
  [4;35;1mSQL (0.1ms)[0m   [0mSET SQL_AUTO_IS_NULL=0[0m


Processing UsersController#new (for 127.0.0.1 at 2009-07-15 22:42:20) [GET]
  Parameters: {"action"=>"new", "controller"=>"users"}
Rendering template within layouts/application
Rendering users/new

ActionView::TemplateError (undefined method `new_record?' for nil:NilClass) on line #4 of app/views/users/_form.html.erb:
1: <%= form.label :login %><br />
2: <%= form.text_field :login %><br />
3: <br />
4: <%= form.label :password, form.object.new_record? ? nil : "Change password" %><br />
5: <%= form.password_field :password %><br />
6: <br />
7: <%= form.label :password_confirmation %><br />

    app/views/users/_form.html.erb:4
    app/views/users/new.html.erb:5
    app/views/users/new.html.erb:3

Rendered rescues/_trace (49.2ms)
Rendered rescues/_request_and_response (1.5ms)
Rendering rescues/layout (internal_server_error)
  [4;36;1mSQL (0.2ms)[0m   [0;1mSET NAMES 'utf8'[0m
  [4;35;1mSQL (0.1ms)[0m   [0mSET SQL_AUTO_IS_NULL=0[0m


Processing UsersController#new (for 127.0.0.1 at 2009-07-15 22:46:10) [GET]
  Parameters: {"action"=>"new", "controller"=>"users"}
Rendering template within layouts/application
Rendering users/new

ActionView::TemplateError (Called id for nil, which would mistakenly be 4 -- if you really wanted the id of nil, use object_id) on line #3 of app/views/users/new.html.erb:
1: <h1>Register</h1>
2:  
3: <% form_for @user, :url => new_user_path do |f| %>
4:   <%= f.error_messages %>
5:   <%= render :partial => "form", :object => f %>
6:   <%= f.submit "Register" %>

    app/views/users/new.html.erb:3

Rendered rescues/_trace (41.7ms)
Rendered rescues/_request_and_response (1.4ms)
Rendering rescues/layout (internal_server_error)
  [4;36;1mSQL (0.1ms)[0m   [0;1mSET NAMES 'utf8'[0m
  [4;35;1mSQL (0.1ms)[0m   [0mSET SQL_AUTO_IS_NULL=0[0m


Processing UsersController#new (for 127.0.0.1 at 2009-07-15 22:47:01) [GET]
  Parameters: {"action"=>"new", "controller"=>"users"}
Rendering template within layouts/application
Rendering users/new

ActionView::TemplateError (You have a nil object when you didn't expect it!
You might have expected an instance of ActiveRecord::Base.
The error occurred while evaluating nil.new_record?) on line #4 of app/views/users/_form.html.erb:
1: <%= form.label :login %><br />
2: <%= form.text_field :login %><br />
3: <br />
4: <%= form.label :password, form.object.new_record? ? nil : "Change password" %><br />
5: <%= form.password_field :password %><br />
6: <br />
7: <%= form.label :password_confirmation %><br />

    app/views/users/_form.html.erb:4
    app/views/users/new.html.erb:5
    app/views/users/new.html.erb:3

Rendered rescues/_trace (117.1ms)
Rendered rescues/_request_and_response (0.3ms)
Rendering rescues/layout (internal_server_error)
  [4;36;1mSQL (0.1ms)[0m   [0;1mSET NAMES 'utf8'[0m
  [4;35;1mSQL (0.1ms)[0m   [0mSET SQL_AUTO_IS_NULL=0[0m


Processing UsersController#new (for 127.0.0.1 at 2009-07-15 22:52:22) [GET]
  Parameters: {"action"=>"new", "controller"=>"users"}
Rendering template within layouts/application
Rendering users/new

ActionView::TemplateError (Called id for nil, which would mistakenly be 4 -- if you really wanted the id of nil, use object_id) on line #3 of app/views/users/new.html.erb:
1: <h1>Register</h1>
2:  
3: <% form_for @user do |f| %>
4:   <%= f.error_messages %>
5:   <%= render :partial => "form", :object => f %>
6:   <%= f.submit "Register" %>

    app/views/users/new.html.erb:3

Rendered rescues/_trace (40.1ms)
Rendered rescues/_request_and_response (1.4ms)
Rendering rescues/layout (internal_server_error)
  [4;36;1mSQL (0.1ms)[0m   [0;1mSET NAMES 'utf8'[0m
  [4;35;1mSQL (0.2ms)[0m   [0mSET SQL_AUTO_IS_NULL=0[0m


Processing UsersController#new (for 127.0.0.1 at 2009-07-15 22:55:25) [GET]
  Parameters: {"action"=>"new", "controller"=>"users"}
  [4;36;1mUser Columns (2.7ms)[0m   [0;1mSHOW FIELDS FROM `users`[0m
Rendering template within layouts/application
Rendering users/new
Rendered users/_form (1.5ms)
Completed in 36ms (View: 11, DB: 3) | 200 OK [http://0.0.0.0/users/new]
  [4;35;1mSQL (0.2ms)[0m   [0mSET NAMES 'utf8'[0m
  [4;36;1mSQL (0.1ms)[0m   [0;1mSET SQL_AUTO_IS_NULL=0[0m


Processing UsersController#create (for 127.0.0.1 at 2009-07-15 22:55:59) [POST]
  Parameters: {"user"=>{"password_confirmation"=>"[FILTERED]", "password"=>"[FILTERED]", "login"=>"chollier"}, "commit"=>"Register", "action"=>"create", "authenticity_token"=>"FOFd1n2JOjvsb2CV61Ta6eohOx6FZlFfujoCbY3opz0=", "controller"=>"users"}
  [4;35;1mUser Columns (3.5ms)[0m   [0mSHOW FIELDS FROM `users`[0m
  [4;36;1mSQL (0.2ms)[0m   [0;1mBEGIN[0m
  [4;35;1mUser Exists (0.3ms)[0m   [0mSELECT `users`.id FROM `users` WHERE (LOWER(`users`.`login`) = BINARY 'chollier') LIMIT 1[0m
  [4;36;1mUser Exists (0.2ms)[0m   [0;1mSELECT `users`.id FROM `users` WHERE (`users`.`persistence_token` = BINARY '1bc2d4fc0a69fedefc6810a9a301c147afb1192175c1db2109fee35ee29338b200ca3ca67a32c8760b815a4c6e35c9a3cd09e162ce3afd4d989219f9fc479577') LIMIT 1[0m
  [4;35;1mUser Exists (0.1ms)[0m   [0mSELECT `users`.id FROM `users` WHERE (`users`.`single_access_token` = BINARY 'mbzUO4Q22pmorV-8GHAL') LIMIT 1[0m
  [4;36;1mSQL (0.1ms)[0m   [0;1mROLLBACK[0m
Rendering template within layouts/application
Rendering users/new
Rendered users/_form (0.6ms)
Completed in 312ms (View: 3, DB: 5) | 200 OK [http://0.0.0.0/users]
  [4;35;1mSQL (0.2ms)[0m   [0mSET NAMES 'utf8'[0m
  [4;36;1mSQL (0.1ms)[0m   [0;1mSET SQL_AUTO_IS_NULL=0[0m


Processing UsersController#new (for 127.0.0.1 at 2009-07-15 22:57:39) [GET]
  Parameters: {"action"=>"new", "controller"=>"users"}
  [4;35;1mUser Columns (3.0ms)[0m   [0mSHOW FIELDS FROM `users`[0m
Rendering template within layouts/application
Rendering users/new
Rendered users/_form (1.5ms)
Completed in 26ms (View: 8, DB: 3) | 200 OK [http://0.0.0.0/users/new]
  [4;36;1mSQL (0.2ms)[0m   [0;1mSET NAMES 'utf8'[0m
  [4;35;1mSQL (0.1ms)[0m   [0mSET SQL_AUTO_IS_NULL=0[0m


Processing UsersController#create (for 127.0.0.1 at 2009-07-15 22:57:52) [POST]
  Parameters: {"user"=>{"password_confirmation"=>"[FILTERED]", "password"=>"[FILTERED]", "login"=>"chollier", "email"=>"loic@chollier.com"}, "commit"=>"Register", "action"=>"create", "authenticity_token"=>"FOFd1n2JOjvsb2CV61Ta6eohOx6FZlFfujoCbY3opz0=", "controller"=>"users"}
  [4;36;1mUser Columns (3.1ms)[0m   [0;1mSHOW FIELDS FROM `users`[0m
  [4;35;1mSQL (0.1ms)[0m   [0mBEGIN[0m
  [4;36;1mUser Exists (0.2ms)[0m   [0;1mSELECT `users`.id FROM `users` WHERE (LOWER(`users`.`email`) = BINARY 'loic@chollier.com') LIMIT 1[0m
  [4;35;1mUser Exists (0.1ms)[0m   [0mSELECT `users`.id FROM `users` WHERE (LOWER(`users`.`login`) = BINARY 'chollier') LIMIT 1[0m
  [4;36;1mUser Exists (0.1ms)[0m   [0;1mSELECT `users`.id FROM `users` WHERE (`users`.`persistence_token` = BINARY 'd0e62c6ed91f96f3d188fa2334bf86f7b04e27e2e4ded8ab97170b77b0dd9c09aac94747c202e33b1cf492ce1dbc6e87eeef9375d0d3ddfb953b215f89557ece') LIMIT 1[0m
  [4;35;1mUser Exists (0.1ms)[0m   [0mSELECT `users`.id FROM `users` WHERE (`users`.`single_access_token` = BINARY 'K_qNzu9uqEcO6AzVoMa-') LIMIT 1[0m
  [4;36;1mUser Create (0.4ms)[0m   [0;1mINSERT INTO `users` (`last_login_at`, `last_request_at`, `updated_at`, `crypted_password`, `single_access_token`, `perishable_token`, `current_login_ip`, `password_salt`, `current_login_at`, `admin`, `failed_login_count`, `persistence_token`, `login_count`, `login`, `email`, `last_login_ip`, `created_at`) VALUES(NULL, '2009-07-15 20:57:52', '2009-07-15 20:57:52', 'ce3b8ab077f5e22701044d9c9cf8c615aeded4846f28e79c3da71e767961964f3855d5c3e040ab59a3c6912889631fc753a8ba5786919c694f27c8e3ecb812a8', 'K_qNzu9uqEcO6AzVoMa-', '1lWgEVnBZFcz2HfuXTLT', '127.0.0.1', 'HFrtQGOpOqnzvRpXrbPk', '2009-07-15 20:57:52', NULL, 0, 'd0e62c6ed91f96f3d188fa2334bf86f7b04e27e2e4ded8ab97170b77b0dd9c09aac94747c202e33b1cf492ce1dbc6e87eeef9375d0d3ddfb953b215f89557ece', 1, 'chollier', 'loic@chollier.com', NULL, '2009-07-15 20:57:52')[0m
  [4;35;1mSQL (0.7ms)[0m   [0mCOMMIT[0m
Redirected to http://0.0.0.0:3000/
Completed in 275ms (DB: 5) | 302 Found [http://0.0.0.0/users]
  [4;36;1mSQL (0.2ms)[0m   [0;1mSET NAMES 'utf8'[0m
  [4;35;1mSQL (0.1ms)[0m   [0mSET SQL_AUTO_IS_NULL=0[0m


Processing PostsController#index (for 127.0.0.1 at 2009-07-15 22:57:52) [GET]
  Parameters: {"action"=>"index", "controller"=>"posts"}
  [4;36;1mPost Load (0.3ms)[0m   [0;1mSELECT * FROM `posts` [0m
Rendering template within layouts/application
Rendering posts/index
Completed in 16ms (View: 9, DB: 1) | 200 OK [http://0.0.0.0/]
  [4;35;1mSQL (0.2ms)[0m   [0mSET NAMES 'utf8'[0m
  [4;36;1mSQL (0.1ms)[0m   [0;1mSET SQL_AUTO_IS_NULL=0[0m


Processing PostsController#new (for 127.0.0.1 at 2009-07-15 22:57:54) [GET]
  Parameters: {"action"=>"new", "controller"=>"posts"}
  [4;35;1mUser Columns (2.7ms)[0m   [0mSHOW FIELDS FROM `users`[0m
  [4;36;1mUser Load (0.3ms)[0m   [0;1mSELECT * FROM `users` WHERE (`users`.`persistence_token` = 'd0e62c6ed91f96f3d188fa2334bf86f7b04e27e2e4ded8ab97170b77b0dd9c09aac94747c202e33b1cf492ce1dbc6e87eeef9375d0d3ddfb953b215f89557ece') LIMIT 1[0m
  [4;35;1mSQL (0.1ms)[0m   [0mBEGIN[0m
  [4;36;1mUser Update (0.2ms)[0m   [0;1mUPDATE `users` SET `perishable_token` = '6aflDdp8zUnKELPFTXCU', `updated_at` = '2009-07-15 20:57:54', `last_request_at` = '2009-07-15 20:57:54' WHERE `id` = 1[0m
  [4;35;1mSQL (0.7ms)[0m   [0mCOMMIT[0m
Redirected to http://0.0.0.0:3000/
Filter chain halted as [:require_admin] rendered_or_redirected.
Completed in 22ms (DB: 4) | 302 Found [http://0.0.0.0/posts/new]
  [4;36;1mSQL (0.1ms)[0m   [0;1mSET NAMES 'utf8'[0m
  [4;35;1mSQL (0.1ms)[0m   [0mSET SQL_AUTO_IS_NULL=0[0m


Processing PostsController#index (for 127.0.0.1 at 2009-07-15 22:57:54) [GET]
  Parameters: {"action"=>"index", "controller"=>"posts"}
  [4;36;1mPost Load (0.3ms)[0m   [0;1mSELECT * FROM `posts` [0m
Rendering template within layouts/application
Rendering posts/index
Completed in 6ms (View: 1, DB: 0) | 200 OK [http://0.0.0.0/]
  [4;35;1mSQL (0.2ms)[0m   [0mSET NAMES 'utf8'[0m
  [4;36;1mSQL (0.1ms)[0m   [0;1mSET SQL_AUTO_IS_NULL=0[0m


Processing PostsController#new (for 127.0.0.1 at 2009-07-15 22:58:29) [GET]
  Parameters: {"action"=>"new", "controller"=>"posts"}
  [4;35;1mUser Columns (3.3ms)[0m   [0mSHOW FIELDS FROM `users`[0m
  [4;36;1mUser Load (0.4ms)[0m   [0;1mSELECT * FROM `users` WHERE (`users`.`persistence_token` = 'd0e62c6ed91f96f3d188fa2334bf86f7b04e27e2e4ded8ab97170b77b0dd9c09aac94747c202e33b1cf492ce1dbc6e87eeef9375d0d3ddfb953b215f89557ece') LIMIT 1[0m
  [4;35;1mSQL (0.1ms)[0m   [0mBEGIN[0m
  [4;36;1mUser Update (0.3ms)[0m   [0;1mUPDATE `users` SET `perishable_token` = 'feyAjRD_BMk3bXob9XGF', `updated_at` = '2009-07-15 20:58:29', `last_request_at` = '2009-07-15 20:58:29' WHERE `id` = 1[0m
  [4;35;1mSQL (0.9ms)[0m   [0mCOMMIT[0m
Redirected to http://0.0.0.0:3000/
Filter chain halted as [:require_admin] rendered_or_redirected.
Completed in 33ms (DB: 5) | 302 Found [http://0.0.0.0/posts/new]
  [4;36;1mSQL (0.2ms)[0m   [0;1mSET NAMES 'utf8'[0m
  [4;35;1mSQL (0.1ms)[0m   [0mSET SQL_AUTO_IS_NULL=0[0m


Processing PostsController#index (for 127.0.0.1 at 2009-07-15 22:58:29) [GET]
  Parameters: {"action"=>"index", "controller"=>"posts"}
  [4;36;1mPost Load (0.3ms)[0m   [0;1mSELECT * FROM `posts` [0m
Rendering template within layouts/application
Rendering posts/index
Completed in 9ms (View: 2, DB: 1) | 200 OK [http://0.0.0.0/]
  [4;35;1mSQL (0.2ms)[0m   [0mSET NAMES 'utf8'[0m
  [4;36;1mSQL (0.1ms)[0m   [0;1mSET SQL_AUTO_IS_NULL=0[0m


Processing PostsController#new (for 127.0.0.1 at 2009-07-15 22:58:30) [GET]
  Parameters: {"action"=>"new", "controller"=>"posts"}
  [4;35;1mUser Columns (3.2ms)[0m   [0mSHOW FIELDS FROM `users`[0m
  [4;36;1mUser Load (0.4ms)[0m   [0;1mSELECT * FROM `users` WHERE (`users`.`persistence_token` = 'd0e62c6ed91f96f3d188fa2334bf86f7b04e27e2e4ded8ab97170b77b0dd9c09aac94747c202e33b1cf492ce1dbc6e87eeef9375d0d3ddfb953b215f89557ece') LIMIT 1[0m
  [4;35;1mSQL (0.1ms)[0m   [0mBEGIN[0m
  [4;36;1mUser Update (0.6ms)[0m   [0;1mUPDATE `users` SET `perishable_token` = 'VnqoFkVASiYbwE2_OdOH', `updated_at` = '2009-07-15 20:58:30', `last_request_at` = '2009-07-15 20:58:30' WHERE `id` = 1[0m
  [4;35;1mSQL (0.7ms)[0m   [0mCOMMIT[0m
Redirected to http://0.0.0.0:3000/
Filter chain halted as [:require_admin] rendered_or_redirected.
Completed in 32ms (DB: 5) | 302 Found [http://0.0.0.0/posts/new]
  [4;36;1mSQL (0.1ms)[0m   [0;1mSET NAMES 'utf8'[0m
  [4;35;1mSQL (0.1ms)[0m   [0mSET SQL_AUTO_IS_NULL=0[0m


Processing PostsController#index (for 127.0.0.1 at 2009-07-15 22:58:30) [GET]
  Parameters: {"action"=>"index", "controller"=>"posts"}
  [4;36;1mPost Load (0.3ms)[0m   [0;1mSELECT * FROM `posts` [0m
Rendering template within layouts/application
Rendering posts/index
Completed in 6ms (View: 1, DB: 0) | 200 OK [http://0.0.0.0/]
  [4;35;1mSQL (0.2ms)[0m   [0mSET NAMES 'utf8'[0m
  [4;36;1mSQL (0.1ms)[0m   [0;1mSET SQL_AUTO_IS_NULL=0[0m


Processing PostsController#index (for 127.0.0.1 at 2009-07-15 22:58:36) [GET]
  Parameters: {"action"=>"index", "controller"=>"posts"}
  [4;35;1mPost Load (0.3ms)[0m   [0mSELECT * FROM `posts` [0m
Rendering template within layouts/application
Rendering posts/index
Completed in 8ms (View: 1, DB: 1) | 200 OK [http://0.0.0.0/]
  [4;36;1mSQL (0.1ms)[0m   [0;1mSET NAMES 'utf8'[0m
  [4;35;1mSQL (0.1ms)[0m   [0mSET SQL_AUTO_IS_NULL=0[0m


Processing PostsController#new (for 127.0.0.1 at 2009-07-15 22:58:38) [GET]
  Parameters: {"action"=>"new", "controller"=>"posts"}
  [4;36;1mUser Columns (2.7ms)[0m   [0;1mSHOW FIELDS FROM `users`[0m
  [4;35;1mUser Load (0.4ms)[0m   [0mSELECT * FROM `users` WHERE (`users`.`persistence_token` = 'd0e62c6ed91f96f3d188fa2334bf86f7b04e27e2e4ded8ab97170b77b0dd9c09aac94747c202e33b1cf492ce1dbc6e87eeef9375d0d3ddfb953b215f89557ece') LIMIT 1[0m
  [4;36;1mSQL (0.1ms)[0m   [0;1mBEGIN[0m
  [4;35;1mUser Update (0.3ms)[0m   [0mUPDATE `users` SET `perishable_token` = 'NcZ8LLUi0Ftf8Jm_M32K', `updated_at` = '2009-07-15 20:58:38', `last_request_at` = '2009-07-15 20:58:38' WHERE `id` = 1[0m
  [4;36;1mSQL (0.8ms)[0m   [0;1mCOMMIT[0m
Redirected to http://0.0.0.0:3000/
Filter chain halted as [:require_admin] rendered_or_redirected.
Completed in 96ms (DB: 4) | 302 Found [http://0.0.0.0/posts/new]
  [4;35;1mSQL (0.1ms)[0m   [0mSET NAMES 'utf8'[0m
  [4;36;1mSQL (0.1ms)[0m   [0;1mSET SQL_AUTO_IS_NULL=0[0m


Processing PostsController#index (for 127.0.0.1 at 2009-07-15 22:58:38) [GET]
  Parameters: {"action"=>"index", "controller"=>"posts"}
  [4;35;1mPost Load (0.3ms)[0m   [0mSELECT * FROM `posts` [0m
Rendering template within layouts/application
Rendering posts/index
Completed in 6ms (View: 1, DB: 0) | 200 OK [http://0.0.0.0/]
  [4;36;1mSQL (0.3ms)[0m   [0;1mSET NAMES 'utf8'[0m
  [4;35;1mSQL (0.1ms)[0m   [0mSET SQL_AUTO_IS_NULL=0[0m


Processing PostsController#index (for 127.0.0.1 at 2009-07-15 22:59:10) [GET]
  Parameters: {"action"=>"index", "controller"=>"posts"}
  [4;36;1mPost Load (0.3ms)[0m   [0;1mSELECT * FROM `posts` [0m
Rendering template within layouts/application
Rendering posts/index
Completed in 6ms (View: 1, DB: 1) | 200 OK [http://0.0.0.0/]
  [4;35;1mSQL (0.2ms)[0m   [0mSET NAMES 'utf8'[0m
  [4;36;1mSQL (0.1ms)[0m   [0;1mSET SQL_AUTO_IS_NULL=0[0m


Processing PostsController#new (for 127.0.0.1 at 2009-07-15 22:59:11) [GET]
  Parameters: {"action"=>"new", "controller"=>"posts"}
  [4;35;1mUser Columns (2.9ms)[0m   [0mSHOW FIELDS FROM `users`[0m
  [4;36;1mUser Load (0.3ms)[0m   [0;1mSELECT * FROM `users` WHERE (`users`.`persistence_token` = 'd0e62c6ed91f96f3d188fa2334bf86f7b04e27e2e4ded8ab97170b77b0dd9c09aac94747c202e33b1cf492ce1dbc6e87eeef9375d0d3ddfb953b215f89557ece') LIMIT 1[0m
  [4;35;1mSQL (0.1ms)[0m   [0mBEGIN[0m
  [4;36;1mUser Update (0.2ms)[0m   [0;1mUPDATE `users` SET `perishable_token` = 'BB7aHErSEYP_PpnDjGy7', `updated_at` = '2009-07-15 20:59:11', `last_request_at` = '2009-07-15 20:59:11' WHERE `id` = 1[0m
  [4;35;1mSQL (31.1ms)[0m   [0mCOMMIT[0m
Redirected to http://0.0.0.0:3000/
Filter chain halted as [:require_admin] rendered_or_redirected.
Completed in 53ms (DB: 35) | 302 Found [http://0.0.0.0/posts/new]
  [4;36;1mSQL (0.1ms)[0m   [0;1mSET NAMES 'utf8'[0m
  [4;35;1mSQL (0.1ms)[0m   [0mSET SQL_AUTO_IS_NULL=0[0m


Processing PostsController#index (for 127.0.0.1 at 2009-07-15 22:59:11) [GET]
  Parameters: {"action"=>"index", "controller"=>"posts"}
  [4;36;1mPost Load (0.3ms)[0m   [0;1mSELECT * FROM `posts` [0m
Rendering template within layouts/application
Rendering posts/index
Completed in 6ms (View: 1, DB: 0) | 200 OK [http://0.0.0.0/]
  [4;36;1mSQL (0.2ms)[0m   [0;1mSET NAMES 'utf8'[0m
  [4;35;1mSQL (0.1ms)[0m   [0mSET SQL_AUTO_IS_NULL=0[0m


Processing PostsController#new (for 127.0.0.1 at 2009-07-15 22:59:23) [GET]
  Parameters: {"action"=>"new", "controller"=>"posts"}
  [4;36;1mUser Columns (2.7ms)[0m   [0;1mSHOW FIELDS FROM `users`[0m
  [4;35;1mUser Load (0.3ms)[0m   [0mSELECT * FROM `users` WHERE (`users`.`persistence_token` = 'd0e62c6ed91f96f3d188fa2334bf86f7b04e27e2e4ded8ab97170b77b0dd9c09aac94747c202e33b1cf492ce1dbc6e87eeef9375d0d3ddfb953b215f89557ece') LIMIT 1[0m
  [4;36;1mSQL (0.1ms)[0m   [0;1mBEGIN[0m
  [4;35;1mUser Update (0.3ms)[0m   [0mUPDATE `users` SET `perishable_token` = 'IjLcOFV4hJM9-Fe5IgGY', `updated_at` = '2009-07-15 20:59:23', `last_request_at` = '2009-07-15 20:59:23' WHERE `id` = 1[0m
  [4;36;1mSQL (0.8ms)[0m   [0;1mCOMMIT[0m
Redirected to http://0.0.0.0:3000/
Filter chain halted as [:require_admin] rendered_or_redirected.
Completed in 91ms (DB: 4) | 302 Found [http://0.0.0.0/posts/new]
  [4;35;1mSQL (0.1ms)[0m   [0mSET NAMES 'utf8'[0m
  [4;36;1mSQL (0.1ms)[0m   [0;1mSET SQL_AUTO_IS_NULL=0[0m


Processing PostsController#index (for 127.0.0.1 at 2009-07-15 22:59:23) [GET]
  Parameters: {"action"=>"index", "controller"=>"posts"}
  [4;35;1mPost Load (0.3ms)[0m   [0mSELECT * FROM `posts` [0m
Rendering template within layouts/application
Rendering posts/index
Completed in 16ms (View: 10, DB: 0) | 200 OK [http://0.0.0.0/]
  [4;36;1mSQL (0.3ms)[0m   [0;1mSET NAMES 'utf8'[0m
  [4;35;1mSQL (0.2ms)[0m   [0mSET SQL_AUTO_IS_NULL=0[0m


Processing UsersController#index (for 127.0.0.1 at 2009-07-15 22:59:27) [GET]
  Parameters: {"action"=>"index", "controller"=>"users"}

ActionController::UnknownAction (No action responded to index. Actions: create, edit, new, show, and update):
  

Rendering rescues/layout (not_found)
  [4;36;1mSQL (0.2ms)[0m   [0;1mSET NAMES 'utf8'[0m
  [4;35;1mSQL (0.2ms)[0m   [0mSET SQL_AUTO_IS_NULL=0[0m


Processing UsersController#show (for 127.0.0.1 at 2009-07-15 22:59:32) [GET]
  Parameters: {"action"=>"show", "id"=>"show", "controller"=>"users"}
  [4;36;1mUser Columns (2.7ms)[0m   [0;1mSHOW FIELDS FROM `users`[0m
  [4;35;1mUser Load (0.3ms)[0m   [0mSELECT * FROM `users` WHERE (`users`.`persistence_token` = 'd0e62c6ed91f96f3d188fa2334bf86f7b04e27e2e4ded8ab97170b77b0dd9c09aac94747c202e33b1cf492ce1dbc6e87eeef9375d0d3ddfb953b215f89557ece') LIMIT 1[0m
  [4;36;1mSQL (0.1ms)[0m   [0;1mBEGIN[0m
  [4;35;1mUser Update (0.3ms)[0m   [0mUPDATE `users` SET `perishable_token` = 'wPGKuGQs-0LFO9P7xgxr', `updated_at` = '2009-07-15 20:59:32', `last_request_at` = '2009-07-15 20:59:32' WHERE `id` = 1[0m
  [4;36;1mSQL (0.7ms)[0m   [0;1mCOMMIT[0m
Rendering template within layouts/application
Rendering users/show
Completed in 30ms (View: 5, DB: 4) | 200 OK [http://0.0.0.0/users/show]
  [4;35;1mSQL (0.2ms)[0m   [0mSET NAMES 'utf8'[0m
  [4;36;1mSQL (0.1ms)[0m   [0;1mSET SQL_AUTO_IS_NULL=0[0m


Processing PostsController#new (for 127.0.0.1 at 2009-07-15 22:59:40) [GET]
  Parameters: {"action"=>"new", "controller"=>"posts"}
  [4;35;1mUser Columns (2.2ms)[0m   [0mSHOW FIELDS FROM `users`[0m
  [4;36;1mUser Load (0.3ms)[0m   [0;1mSELECT * FROM `users` WHERE (`users`.`persistence_token` = 'd0e62c6ed91f96f3d188fa2334bf86f7b04e27e2e4ded8ab97170b77b0dd9c09aac94747c202e33b1cf492ce1dbc6e87eeef9375d0d3ddfb953b215f89557ece') LIMIT 1[0m
  [4;35;1mSQL (0.1ms)[0m   [0mBEGIN[0m
  [4;36;1mUser Update (0.3ms)[0m   [0;1mUPDATE `users` SET `perishable_token` = 'iM6eMB0KxC8oS0f8yRxc', `updated_at` = '2009-07-15 20:59:40', `last_request_at` = '2009-07-15 20:59:40' WHERE `id` = 1[0m
  [4;35;1mSQL (0.8ms)[0m   [0mCOMMIT[0m
Redirected to http://0.0.0.0:3000/
Filter chain halted as [:require_admin] rendered_or_redirected.
Completed in 23ms (DB: 4) | 302 Found [http://0.0.0.0/posts/new]
  [4;36;1mSQL (0.1ms)[0m   [0;1mSET NAMES 'utf8'[0m
  [4;35;1mSQL (0.1ms)[0m   [0mSET SQL_AUTO_IS_NULL=0[0m


Processing PostsController#index (for 127.0.0.1 at 2009-07-15 22:59:40) [GET]
  Parameters: {"action"=>"index", "controller"=>"posts"}
  [4;36;1mPost Load (0.3ms)[0m   [0;1mSELECT * FROM `posts` [0m
Rendering template within layouts/application
Rendering posts/index
Completed in 6ms (View: 1, DB: 0) | 200 OK [http://0.0.0.0/]
  [4;35;1mSQL (0.2ms)[0m   [0mSET NAMES 'utf8'[0m
  [4;36;1mSQL (0.1ms)[0m   [0;1mSET SQL_AUTO_IS_NULL=0[0m


Processing PostsController#new (for 127.0.0.1 at 2009-07-15 23:00:04) [GET]
  Parameters: {"action"=>"new", "controller"=>"posts"}
  [4;35;1mUser Columns (2.7ms)[0m   [0mSHOW FIELDS FROM `users`[0m
  [4;36;1mUser Load (0.4ms)[0m   [0;1mSELECT * FROM `users` WHERE (`users`.`persistence_token` = 'd0e62c6ed91f96f3d188fa2334bf86f7b04e27e2e4ded8ab97170b77b0dd9c09aac94747c202e33b1cf492ce1dbc6e87eeef9375d0d3ddfb953b215f89557ece') LIMIT 1[0m
  [4;35;1mSQL (0.1ms)[0m   [0mBEGIN[0m
  [4;36;1mUser Update (0.4ms)[0m   [0;1mUPDATE `users` SET `perishable_token` = 'd3xMdw0t7wOiNbGKXuV9', `updated_at` = '2009-07-15 21:00:04', `last_request_at` = '2009-07-15 21:00:04' WHERE `id` = 1[0m
  [4;35;1mSQL (0.9ms)[0m   [0mCOMMIT[0m
Redirected to http://0.0.0.0:3000/
Filter chain halted as [:require_admin] rendered_or_redirected.
Completed in 23ms (DB: 5) | 302 Found [http://0.0.0.0/posts/new]
  [4;36;1mSQL (0.1ms)[0m   [0;1mSET NAMES 'utf8'[0m
  [4;35;1mSQL (0.1ms)[0m   [0mSET SQL_AUTO_IS_NULL=0[0m


Processing PostsController#index (for 127.0.0.1 at 2009-07-15 23:00:04) [GET]
  Parameters: {"action"=>"index", "controller"=>"posts"}
  [4;36;1mPost Load (0.2ms)[0m   [0;1mSELECT * FROM `posts` [0m
Rendering template within layouts/application
Rendering posts/index
Completed in 6ms (View: 1, DB: 0) | 200 OK [http://0.0.0.0/]
  [4;35;1mSQL (0.1ms)[0m   [0mSET NAMES 'utf8'[0m
  [4;36;1mSQL (0.1ms)[0m   [0;1mSET SQL_AUTO_IS_NULL=0[0m


Processing PostsController#new (for 127.0.0.1 at 2009-07-15 23:00:05) [GET]
  Parameters: {"action"=>"new", "controller"=>"posts"}
  [4;35;1mUser Columns (2.6ms)[0m   [0mSHOW FIELDS FROM `users`[0m
  [4;36;1mUser Load (0.3ms)[0m   [0;1mSELECT * FROM `users` WHERE (`users`.`persistence_token` = 'd0e62c6ed91f96f3d188fa2334bf86f7b04e27e2e4ded8ab97170b77b0dd9c09aac94747c202e33b1cf492ce1dbc6e87eeef9375d0d3ddfb953b215f89557ece') LIMIT 1[0m
  [4;35;1mSQL (0.1ms)[0m   [0mBEGIN[0m
  [4;36;1mUser Update (0.3ms)[0m   [0;1mUPDATE `users` SET `perishable_token` = 'o4Wde4C0UWeHqBxdPa5D', `updated_at` = '2009-07-15 21:00:05', `last_request_at` = '2009-07-15 21:00:05' WHERE `id` = 1[0m
  [4;35;1mSQL (0.8ms)[0m   [0mCOMMIT[0m
Redirected to http://0.0.0.0:3000/
Filter chain halted as [:require_admin] rendered_or_redirected.
Completed in 22ms (DB: 4) | 302 Found [http://0.0.0.0/posts/new]
  [4;36;1mSQL (0.1ms)[0m   [0;1mSET NAMES 'utf8'[0m
  [4;35;1mSQL (0.1ms)[0m   [0mSET SQL_AUTO_IS_NULL=0[0m


Processing PostsController#index (for 127.0.0.1 at 2009-07-15 23:00:05) [GET]
  Parameters: {"action"=>"index", "controller"=>"posts"}
  [4;36;1mPost Load (0.2ms)[0m   [0;1mSELECT * FROM `posts` [0m
Rendering template within layouts/application
Rendering posts/index
Completed in 6ms (View: 1, DB: 0) | 200 OK [http://0.0.0.0/]
  [4;35;1mSQL (0.2ms)[0m   [0mSET NAMES 'utf8'[0m
  [4;36;1mSQL (0.1ms)[0m   [0;1mSET SQL_AUTO_IS_NULL=0[0m


Processing PostsController#new (for 127.0.0.1 at 2009-07-15 23:00:34) [GET]
  Parameters: {"action"=>"new", "controller"=>"posts"}
  [4;35;1mUser Columns (3.4ms)[0m   [0mSHOW FIELDS FROM `users`[0m
  [4;36;1mUser Load (0.3ms)[0m   [0;1mSELECT * FROM `users` WHERE (`users`.`persistence_token` = 'd0e62c6ed91f96f3d188fa2334bf86f7b04e27e2e4ded8ab97170b77b0dd9c09aac94747c202e33b1cf492ce1dbc6e87eeef9375d0d3ddfb953b215f89557ece') LIMIT 1[0m
  [4;35;1mSQL (0.1ms)[0m   [0mBEGIN[0m
  [4;36;1mUser Update (0.2ms)[0m   [0;1mUPDATE `users` SET `perishable_token` = 'hPNYQaBAAz94f_Yzwm_R', `updated_at` = '2009-07-15 21:00:34', `last_request_at` = '2009-07-15 21:00:34' WHERE `id` = 1[0m
  [4;35;1mSQL (0.6ms)[0m   [0mCOMMIT[0m
  [4;36;1mPost Columns (2.2ms)[0m   [0;1mSHOW FIELDS FROM `posts`[0m
Rendering template within layouts/application
Rendering posts/new
Completed in 36ms (View: 5, DB: 7) | 200 OK [http://0.0.0.0/posts/new]
  [4;35;1mSQL (0.2ms)[0m   [0mSET NAMES 'utf8'[0m
  [4;36;1mSQL (0.1ms)[0m   [0;1mSET SQL_AUTO_IS_NULL=0[0m


Processing PostsController#index (for 127.0.0.1 at 2009-07-15 23:00:35) [GET]
  Parameters: {"action"=>"index", "controller"=>"posts"}
  [4;35;1mPost Load (0.3ms)[0m   [0mSELECT * FROM `posts` [0m
Rendering template within layouts/application
Rendering posts/index
Completed in 7ms (View: 1, DB: 1) | 200 OK [http://0.0.0.0/posts]
  [4;36;1mSQL (0.2ms)[0m   [0;1mSET NAMES 'utf8'[0m
  [4;35;1mSQL (0.1ms)[0m   [0mSET SQL_AUTO_IS_NULL=0[0m


Processing UserSessionsController#destroy (for 127.0.0.1 at 2009-07-15 23:02:28) [GET]
  Parameters: {"action"=>"destroy", "controller"=>"user_sessions"}
  [4;36;1mUser Columns (2.9ms)[0m   [0;1mSHOW FIELDS FROM `users`[0m
  [4;35;1mUser Load (0.4ms)[0m   [0mSELECT * FROM `users` WHERE (`users`.`persistence_token` = 'd0e62c6ed91f96f3d188fa2334bf86f7b04e27e2e4ded8ab97170b77b0dd9c09aac94747c202e33b1cf492ce1dbc6e87eeef9375d0d3ddfb953b215f89557ece') LIMIT 1[0m
  [4;36;1mSQL (0.1ms)[0m   [0;1mBEGIN[0m
  [4;35;1mUser Update (0.3ms)[0m   [0mUPDATE `users` SET `perishable_token` = 'YmOsr--pcZsog2PdFtIk', `updated_at` = '2009-07-15 21:02:28', `last_request_at` = '2009-07-15 21:02:28' WHERE `id` = 1[0m
  [4;36;1mSQL (0.7ms)[0m   [0;1mCOMMIT[0m
Redirected to http://0.0.0.0:3000/
Completed in 94ms (DB: 5) | 302 Found [http://0.0.0.0/logout]
  [4;35;1mSQL (0.2ms)[0m   [0mSET NAMES 'utf8'[0m
  [4;36;1mSQL (0.1ms)[0m   [0;1mSET SQL_AUTO_IS_NULL=0[0m


Processing PostsController#index (for 127.0.0.1 at 2009-07-15 23:02:28) [GET]
  Parameters: {"action"=>"index", "controller"=>"posts"}
  [4;35;1mPost Load (0.3ms)[0m   [0mSELECT * FROM `posts` [0m
Rendering template within layouts/application
Rendering posts/index
Completed in 17ms (View: 10, DB: 1) | 200 OK [http://0.0.0.0/]
  [4;36;1mSQL (0.2ms)[0m   [0;1mSET NAMES 'utf8'[0m
  [4;35;1mSQL (0.2ms)[0m   [0mSET SQL_AUTO_IS_NULL=0[0m


Processing UserSessionsController#destroy (for 127.0.0.1 at 2009-07-15 23:02:34) [GET]
  Parameters: {"action"=>"destroy", "controller"=>"user_sessions"}
  [4;36;1mUser Columns (3.3ms)[0m   [0;1mSHOW FIELDS FROM `users`[0m

NameError (undefined local variable or method `store_location' for #<UserSessionsController:0x25094c8>):
  app/controllers/application_controller.rb:25:in `require_user'

Rendered rescues/_trace (34.8ms)
Rendered rescues/_request_and_response (1.5ms)
Rendering rescues/layout (internal_server_error)
  [4;35;1mSQL (0.2ms)[0m   [0mSET NAMES 'utf8'[0m
  [4;36;1mSQL (0.1ms)[0m   [0;1mSET SQL_AUTO_IS_NULL=0[0m


Processing UserSessionsController#destroy (for 127.0.0.1 at 2009-07-15 23:03:21) [GET]
  Parameters: {"action"=>"destroy", "controller"=>"user_sessions"}
  [4;35;1mUser Columns (2.7ms)[0m   [0mSHOW FIELDS FROM `users`[0m
Redirected to http://0.0.0.0:3000/user_session/new
Filter chain halted as [:require_user] rendered_or_redirected.
Completed in 78ms (DB: 3) | 302 Found [http://0.0.0.0/logout]
  [4;36;1mSQL (0.1ms)[0m   [0;1mSET NAMES 'utf8'[0m
  [4;35;1mSQL (0.1ms)[0m   [0mSET SQL_AUTO_IS_NULL=0[0m


Processing UserSessionsController#new (for 127.0.0.1 at 2009-07-15 23:03:21) [GET]
  Parameters: {"action"=>"new", "controller"=>"user_sessions"}
  [4;36;1mUser Columns (2.3ms)[0m   [0;1mSHOW FIELDS FROM `users`[0m
Rendering template within layouts/application
Rendering user_sessions/new
Completed in 23ms (View: 7, DB: 2) | 200 OK [http://0.0.0.0/user_session/new]
  [4;35;1mSQL (0.1ms)[0m   [0mSET NAMES 'utf8'[0m
  [4;36;1mSQL (0.1ms)[0m   [0;1mSET SQL_AUTO_IS_NULL=0[0m


Processing PostsController#index (for 127.0.0.1 at 2009-07-15 23:30:34) [GET]
  Parameters: {"action"=>"index", "controller"=>"posts"}
  [4;35;1mPost Load (0.3ms)[0m   [0mSELECT * FROM `posts` [0m
Rendering template within layouts/application
Rendering posts/index
Completed in 9ms (View: 5, DB: 0) | 200 OK [http://127.0.0.1/]
  [4;36;1mSQL (0.2ms)[0m   [0;1mSET NAMES 'utf8'[0m
  [4;35;1mSQL (0.1ms)[0m   [0mSET SQL_AUTO_IS_NULL=0[0m


Processing PostsController#index (for 127.0.0.1 at 2009-07-15 23:46:58) [GET]
  Parameters: {"action"=>"index", "controller"=>"posts"}
  [4;36;1mPost Load (0.3ms)[0m   [0;1mSELECT * FROM `posts` [0m
Rendering template within layouts/application
Rendering posts/index
Completed in 13ms (View: 6, DB: 1) | 200 OK [http://127.0.0.1/]
